<?xml version="1.0" encoding="UTF-8"?>
<!-- Generated by org.testng.reporters.JUnitXMLReporter -->
<testsuite hostname="DESKTOP-74PA3RG" ignored="1" name="geolocationtest(failed)" tests="2" failures="2" timestamp="2021-08-15T22:34:24 IST" time="0.123" errors="0">
  <testcase name="@AfterTest tearDown" time="0.001" classname="Functional.Geolocation">
    <failure type="java.lang.NullPointerException">
      <![CDATA[java.lang.NullPointerException
at Functional.Geolocation.tearDown(Geolocation.java:76)
... Removed 24 stack frames]]>
    </failure>
  </testcase> <!-- @AfterTest tearDown -->
  <testcase name="getTitleOfWindow" time="0.039" classname="Functional.Geolocation">
    <failure type="java.lang.NullPointerException">
      <![CDATA[java.lang.NullPointerException
at Functional.Geolocation.getTitleOfWindow(Geolocation.java:58)
at java.util.ArrayList.forEach(ArrayList.java:1257)
... Removed 27 stack frames]]>
    </failure>
  </testcase> <!-- getTitleOfWindow -->
  <testcase name="totalFramOnpage" time="0.002" classname="Functional.Geolocation">
    <failure type="java.lang.NullPointerException">
      <![CDATA[java.lang.NullPointerException
at Functional.Geolocation.totalFramOnpage(Geolocation.java:67)
at java.util.ArrayList.forEach(ArrayList.java:1257)
... Removed 27 stack frames]]>
    </failure>
  </testcase> <!-- totalFramOnpage -->
  <testcase name="testLocation" time="0.0" classname="Functional.Geolocation">
    <ignored/>
  </testcase> <!-- testLocation -->
</testsuite> <!-- geolocationtest(failed) -->
