<?xml version="1.0" encoding="UTF-8"?>
<testng-results ignored="0" total="2" passed="2" failed="0" skipped="0">
  <reporter-output>
  </reporter-output>
  <suite started-at="2022-03-12T20:05:42 GMT-08:00" name="Default suite" finished-at="2022-03-12T20:05:42 GMT-08:00" duration-ms="111">
    <groups>
    </groups>
    <test started-at="2022-03-12T20:05:42 GMT-08:00" name="Default test" finished-at="2022-03-12T20:05:42 GMT-08:00" duration-ms="111">
      <class name="BddRunner.Dummy">
        <test-method is-config="true" signature="foo()[pri:0, instance:BddRunner.Dummy@793be5ca]" started-at="2022-03-12T20:05:42 GMT-08:00" name="foo" finished-at="2022-03-12T20:05:42 GMT-08:00" duration-ms="14" status="PASS">
          <reporter-output>
          </reporter-output>
        </test-method> <!-- foo -->
        <test-method is-config="true" signature="ZummyFirst()[pri:0, instance:BddRunner.Dummy@793be5ca]" started-at="2022-03-12T20:05:42 GMT-08:00" name="ZummyFirst" finished-at="2022-03-12T20:05:42 GMT-08:00" duration-ms="0" status="PASS">
          <reporter-output>
          </reporter-output>
        </test-method> <!-- ZummyFirst -->
        <test-method signature="test2()[pri:0, instance:BddRunner.Dummy@793be5ca]" started-at="2022-03-12T20:05:42 GMT-08:00" name="test2" finished-at="2022-03-12T20:05:42 GMT-08:00" duration-ms="10" status="PASS">
          <reporter-output>
          </reporter-output>
        </test-method> <!-- test2 -->
      </class> <!-- BddRunner.Dummy -->
      <class name="BddRunner.TestNgAnnotationPractise">
        <test-method signature="test()[pri:0, instance:BddRunner.TestNgAnnotationPractise@2df9b86]" started-at="2022-03-12T20:05:42 GMT-08:00" name="test" finished-at="2022-03-12T20:05:42 GMT-08:00" duration-ms="4" status="PASS">
          <reporter-output>
          </reporter-output>
        </test-method> <!-- test -->
      </class> <!-- BddRunner.TestNgAnnotationPractise -->
    </test> <!-- Default test -->
  </suite> <!-- Default suite -->
</testng-results>
