<?xml version="1.0" encoding="UTF-8"?>
<!-- Generated by org.testng.reporters.JUnitXMLReporter -->
<testsuite hostname="DESKTOP-74PA3RG" ignored="1" name="brokenlinks" tests="2" failures="0" timestamp="2021-10-18T23:17:16 IST" time="14.425" errors="0">
  <testcase name="testLinks" time="11.53" classname="Functional.FunTest"/>
  <testcase name="tearDown" time="0.865" classname="Functional.FunTest"/>
  <testcase name="checkBrokenLinks" time="0.0" classname="Functional.FunTest">
    <ignored/>
  </testcase> <!-- checkBrokenLinks -->
</testsuite> <!-- brokenlinks -->
