<?xml version="1.0" encoding="UTF-8"?>
<!-- Generated by org.testng.reporters.JUnitXMLReporter -->
<testsuite hostname="DESKTOP-74PA3RG" ignored="0" name="dropdown test" tests="4" failures="0" timestamp="2021-03-28T21:39:33 IST" time="85.927" errors="0">
  <testcase name="handlePopup" time="0.0" classname="Functional.DropDownTest">
    <skipped/>
  </testcase> <!-- handlePopup -->
  <testcase name="scrollDown" time="0.0" classname="Functional.DropDownTest">
    <skipped/>
  </testcase> <!-- scrollDown -->
  <testcase name="dropDownTest" time="0.0" classname="Functional.DropDownTest">
    <skipped/>
  </testcase> <!-- dropDownTest -->
  <testcase name="htmlTables" time="88.433" classname="Functional.Tables"/>
</testsuite> <!-- dropdown test -->
