<?xml version="1.0" encoding="UTF-8"?>
<!-- Generated by org.testng.reporters.JUnitXMLReporter -->
<testsuite hostname="DESKTOP-74PA3RG" ignored="0" name="multiplelogin" tests="1" failures="1" timestamp="2020-10-10T18:54:38 IST" time="0.092" errors="0">
  <testcase name="@AfterTest tearDown" time="0.015" classname="Datadriven.Test1">
    <failure type="java.lang.NullPointerException">
      <![CDATA[java.lang.NullPointerException
at Datadriven.Test1.tearDown(Test1.java:41)
... Removed 24 stack frames]]>
    </failure>
  </testcase> <!-- @AfterTest tearDown -->
  <testcase name="launchApp" time="0.0" classname="Datadriven.Test1">
    <failure type="org.testng.TestNGException" message="
Method public void Datadriven.Test1.launchApp(java.lang.String,java.lang.String) requires a @DataProvider named : logindata">
      <![CDATA[org.testng.TestNGException: 
Method public void Datadriven.Test1.launchApp(java.lang.String,java.lang.String) requires a @DataProvider named : logindata
at java.util.ArrayList.forEach(Unknown Source)
... Removed 24 stack frames]]>
    </failure>
  </testcase> <!-- launchApp -->
</testsuite> <!-- multiplelogin -->
