<?xml version="1.0" encoding="UTF-8"?>
<!-- Generated by org.testng.reporters.JUnitXMLReporter -->
<testsuite hostname="DESKTOP-74PA3RG" ignored="4" tests="0" failures="0" timestamp="2021-02-07T17:18:23 IST" time="0.01" errors="0">
  <testcase name="calenderOperation" time="0.0" classname="Functional.calenderaction">
    <ignored/>
  </testcase> <!-- calenderOperation -->
  <testcase name="clickOnImage" time="0.0" classname="Functional.Base2">
    <ignored/>
  </testcase> <!-- clickOnImage -->
  <testcase name="selectReturnDate" time="0.0" classname="Functional.calenderaction">
    <ignored/>
  </testcase> <!-- selectReturnDate -->
  <testcase name="selectTravelDate" time="0.0" classname="Functional.calenderaction">
    <ignored/>
  </testcase> <!-- selectTravelDate -->
</testsuite>
