<?xml version="1.0" encoding="UTF-8"?>
<!-- Generated by org.testng.reporters.JUnitXMLReporter -->
<testsuite hostname="DESKTOP-74PA3RG" ignored="1" name="smoketest" tests="4" failures="0" timestamp="2022-01-14T14:15:11 IST" time="27.435" errors="0">
  <testcase name="test" time="0.009" classname="pack2.Failureoperation"/>
  <testcase name="launchApp" time="7.838" classname="Smoke.FunctionalTests"/>
  <testcase name="clickOnSignButton" time="3.981" classname="Smoke.FunctionalTests"/>
  <testcase name="loginToApp" time="0.32" classname="Smoke.FunctionalTests"/>
  <testcase name="tearDown" time="0.0" classname="Smoke.FunctionalTests">
    <ignored/>
  </testcase> <!-- tearDown -->
</testsuite> <!-- smoketest -->
