<?xml version="1.0" encoding="UTF-8"?>
<!-- Generated by org.testng.reporters.JUnitXMLReporter -->
<testsuite hostname="DESKTOP-74PA3RG" ignored="6" name="loginfunction" tests="1" failures="0" timestamp="2020-04-07T01:20:37 IST" time="0.097" errors="0">
  <testcase name="somke2" time="0.014" classname="Pack1.Base"/>
  <testcase name="multiplelogin" time="0.0" classname="Pack1.Base">
    <ignored/>
  </testcase> <!-- multiplelogin -->
  <testcase name="Openbrowser" time="0.0" classname="Pack1.Base">
    <ignored/>
  </testcase> <!-- Openbrowser -->
  <testcase name="gettshirt" time="0.0" classname="Pack1.Base">
    <ignored/>
  </testcase> <!-- gettshirt -->
  <testcase name="loginwithmap" time="0.0" classname="Pack1.Base">
    <ignored/>
  </testcase> <!-- loginwithmap -->
  <testcase name="search" time="0.0" classname="Pack1.Base">
    <ignored/>
  </testcase> <!-- search -->
  <testcase name="metho" time="0.0" classname="Pack1.Base">
    <ignored/>
  </testcase> <!-- metho -->
</testsuite> <!-- loginfunction -->
